<?xml version="1.0" encoding="UTF-8"?>
<!-- Generated by org.testng.reporters.JUnitXMLReporter -->
<testsuite ignored="0" hostname="DESKTOP-T9NU8TR" failures="0" tests="5" name="Test" time="49.179" errors="0" timestamp="2025-08-06T19:43:43 IST">
  <testcase classname="testCases.TC003_LoginDDT" name="verify_loginDDT" time="12.132"/>
  <testcase classname="testCases.TC003_LoginDDT" name="verify_loginDDT" time="2.57"/>
  <testcase classname="testCases.TC003_LoginDDT" name="verify_loginDDT" time="2.133"/>
  <testcase classname="testCases.TC003_LoginDDT" name="verify_loginDDT" time="10.911"/>
  <testcase classname="testCases.TC003_LoginDDT" name="verify_loginDDT" time="2.132"/>
</testsuite> <!-- Test -->
