<?xml version="1.0" encoding="UTF-8"?>
<!-- Generated by org.testng.reporters.JUnitXMLReporter -->
<testsuite ignored="0" hostname="DESKTOP-T9NU8TR" failures="0" tests="5" name="Test" time="36.927" errors="0" timestamp="2025-08-06T20:27:10 IST">
  <testcase classname="testCases.TC003_LoginDDT" name="verify_loginDDT" time="11.228"/>
  <testcase classname="testCases.TC003_LoginDDT" name="verify_loginDDT" time="1.937"/>
  <testcase classname="testCases.TC003_LoginDDT" name="verify_loginDDT" time="1.931"/>
  <testcase classname="testCases.TC003_LoginDDT" name="verify_loginDDT" time="10.688"/>
  <testcase classname="testCases.TC003_LoginDDT" name="verify_loginDDT" time="2.574"/>
</testsuite> <!-- Test -->
