<?xml version="1.0" encoding="UTF-8"?>
<!-- Generated by org.testng.reporters.JUnitXMLReporter -->
<testsuite ignored="0" hostname="DESKTOP-T9NU8TR" failures="0" tests="3" name="Test(failed)" time="23.037" errors="0" timestamp="2025-06-11T13:03:39 IST">
  <testcase classname="testCases.TC003_LoginDDT" name="verify_loginDDT" time="11.896"/>
  <testcase classname="testCases.TC003_LoginDDT" name="verify_loginDDT" time="2.304"/>
  <testcase classname="testCases.TC003_LoginDDT" name="verify_loginDDT" time="2.266"/>
</testsuite> <!-- Test(failed) -->
