<?xml version="1.0" encoding="UTF-8"?>
<!-- Generated by org.testng.reporters.JUnitReportReporter -->
<testsuite hostname="DESKTOP-T9NU8TR" failures="0" tests="5" name="testCases.TC003_LoginDDT" time="29.878" errors="0" timestamp="2025-08-06T19:43:43 IST" skipped="0">
  <testcase classname="testCases.TC003_LoginDDT" name="verify_loginDDT" time="2.570"/>
  <testcase classname="testCases.TC003_LoginDDT" name="verify_loginDDT" time="12.132"/>
  <testcase classname="testCases.TC003_LoginDDT" name="verify_loginDDT" time="2.132"/>
  <testcase classname="testCases.TC003_LoginDDT" name="verify_loginDDT" time="2.133"/>
  <testcase classname="testCases.TC003_LoginDDT" name="verify_loginDDT" time="10.911"/>
</testsuite> <!-- testCases.TC003_LoginDDT -->
