<?xml version="1.0" encoding="UTF-8"?>
<!-- Generated by org.testng.reporters.JUnitReportReporter -->
<testsuite hostname="DESKTOP-T9NU8TR" failures="0" tests="2" name="testCases.TC001_AccountRegistrationTest" time="8.413" errors="0" timestamp="2025-08-06T19:55:56 IST" skipped="0">
  <testcase classname="testCases.TC001_AccountRegistrationTest" name="verify_account_registration" time="4.827"/>
  <testcase classname="testCases.TC001_AccountRegistrationTest" name="verify_account_registration" time="3.586"/>
</testsuite> <!-- testCases.TC001_AccountRegistrationTest -->
