<?xml version="1.0" encoding="UTF-8"?>
<!-- Generated by org.testng.reporters.JUnitReportReporter -->
<testsuite hostname="DESKTOP-T9NU8TR" failures="0" tests="5" name="testCases.TC003_LoginDDT" time="28.358" errors="0" timestamp="2025-08-06T20:27:11 IST" skipped="0">
  <testcase classname="testCases.TC003_LoginDDT" name="verify_loginDDT" time="10.688"/>
  <testcase classname="testCases.TC003_LoginDDT" name="verify_loginDDT" time="1.937"/>
  <testcase classname="testCases.TC003_LoginDDT" name="verify_loginDDT" time="1.931"/>
  <testcase classname="testCases.TC003_LoginDDT" name="verify_loginDDT" time="2.574"/>
  <testcase classname="testCases.TC003_LoginDDT" name="verify_loginDDT" time="11.228"/>
</testsuite> <!-- testCases.TC003_LoginDDT -->
